<?xml version="1.0" encoding="UTF-8"?>
<coverage generated="1661311571481" clover="3.2.0">
  <project timestamp="1661311571481" name="All files">
    <metrics statements="11" coveredstatements="11" conditionals="8" coveredconditionals="8" methods="3" coveredmethods="3" elements="22" coveredelements="22" complexity="0" loc="11" ncloc="11" packages="1" files="1" classes="1"/>
    <file name="codeBreaker.js" path="C:\Users\carmc99\Desktop\Jest\codeBreaker.js">
      <metrics statements="11" coveredstatements="11" conditionals="8" coveredconditionals="8" methods="3" coveredmethods="3"/>
      <line num="2" count="8" type="cond" truecount="2" falsecount="0"/>
      <line num="3" count="1" type="stmt"/>
      <line num="5" count="7" type="stmt"/>
      <line num="6" count="7" type="stmt"/>
      <line num="7" count="28" type="stmt"/>
      <line num="8" count="112" type="cond" truecount="4" falsecount="0"/>
      <line num="9" count="9" type="stmt"/>
      <line num="10" count="103" type="cond" truecount="2" falsecount="0"/>
      <line num="11" count="9" type="stmt"/>
      <line num="15" count="7" type="stmt"/>
      <line num="18" count="1" type="stmt"/>
    </file>
  </project>
</coverage>
